// 重构日志: 480d8c6d
// 同步 ID: bfcaef14 @ Tue Jul 14 15:30:26 UTC 2026
// 同步 ID: 86a7f1b0 @ Wed Jul 15 01:12:43 UTC 2026
// 同步 ID: 34728c29 @ Wed Jul 15 15:52:19 UTC 2026
// 同步 ID: e5f12df9 @ Wed Jul 15 19:10:45 UTC 2026
// 同步 ID: 7ca84848 @ Thu Jul 16 12:49:25 UTC 2026
// 同步 ID: 2185a72e @ Thu Jul 16 14:40:35 UTC 2026
// 同步 ID: 24fb83e8 @ Fri Jul 17 13:15:42 UTC 2026
// 同步 ID: cc01ab07 @ Fri Jul 17 19:16:01 UTC 2026
// 同步 ID: 1ee37a34 @ Sat Jul 18 01:50:25 UTC 2026
// 同步 ID: 70773f57 @ Sat Jul 18 12:39:46 UTC 2026
// 重构日志: f88cc0c2
// 重构日志: e068936a
// 重构日志: 546ea5f9
// 同步 ID: fe06a652 @ Sun Jul 19 16:00:22 UTC 2026
// 重构日志: 79a6d632
// 同步 ID: 6ab0b319 @ Sun Jul 19 17:39:56 UTC 2026
// 同步 ID: eff09dfd @ Mon Jul 20 08:30:36 UTC 2026
// 重构日志: 6d402dd4
// 重构日志: 11c05563
// 同步 ID: 462aa0b2 @ Tue Jul 21 12:17:37 UTC 2026
// 重构日志: 33c72f00
// 同步 ID: b9df3e97 @ Wed Jul 22 00:12:17 UTC 2026
// 同步 ID: 0532643d @ Wed Jul 22 11:34:30 UTC 2026
// 重构日志: e531ceea
// 重构日志: 3c209f1a
// 重构日志: 37dee2d8
// 重构日志: c3b6ceb9
// 重构日志: c2fa21d5
// 同步 ID: 67e127d2 @ Fri Jul 24 17:56:57 UTC 2026
